<?xml version="1.0" encoding="UTF-8"?>
<testng-results ignored="0" total="2" passed="2" failed="0" skipped="0">
  <reporter-output>
  </reporter-output>
  <suite started-at="2019-09-18T11:49:17 IST" name="Surefire suite" finished-at="2019-09-18T11:49:17 IST" duration-ms="125">
    <groups>
    </groups>
    <test started-at="2019-09-18T11:49:17 IST" name="Surefire test" finished-at="2019-09-18T11:49:17 IST" duration-ms="125">
      <class name="qaclickacademy.SeleniumTest">
        <test-method signature="BrowserAutomation()[pri:0, instance:qaclickacademy.SeleniumTest@2698dc7]" started-at="2019-09-18T11:49:17 IST" name="BrowserAutomation" finished-at="2019-09-18T11:49:17 IST" duration-ms="15" status="PASS">
          <reporter-output>
          </reporter-output>
        </test-method> <!-- BrowserAutomation -->
        <test-method signature="ElementsUI()[pri:0, instance:qaclickacademy.SeleniumTest@2698dc7]" started-at="2019-09-18T11:49:17 IST" name="ElementsUI" finished-at="2019-09-18T11:49:17 IST" duration-ms="0" status="PASS">
          <reporter-output>
          </reporter-output>
        </test-method> <!-- ElementsUI -->
      </class> <!-- qaclickacademy.SeleniumTest -->
    </test> <!-- Surefire test -->
  </suite> <!-- Surefire suite -->
</testng-results>
